<?xml version="1.0" encoding="UTF-8"?>
<!-- Generated by org.testng.reporters.JUnitReportReporter -->
<testsuite hostname="SowmyaMP" failures="0" tests="1" name="com.training.sanity.tests.PreLoginCheckoutTest" time="64.024" errors="0" timestamp="2020-07-03T18:11:29 IST" skipped="0">
  <testcase classname="com.training.sanity.tests.PreLoginCheckoutTest" name="preLoginCheckout" time="64.024"/>
  <system-out/>
</testsuite> <!-- com.training.sanity.tests.PreLoginCheckoutTest -->
