<?xml version="1.0" encoding="UTF-8"?>
<!-- Generated by org.testng.reporters.JUnitReportReporter -->
<testsuite hostname="SowmyaMP" failures="0" tests="2" name="com.training.regression.tests.LoginDBTest" time="29.378" errors="0" timestamp="2020-07-08T10:35:37 IST" skipped="0">
  <testcase classname="com.training.regression.tests.LoginDBTest" name="loginDBTest" time="15.739"/>
  <system-out/>
  <testcase classname="com.training.regression.tests.LoginDBTest" name="loginDBTest" time="13.639"/>
  <system-out/>
</testsuite> <!-- com.training.regression.tests.LoginDBTest -->
