<?xml version="1.0" encoding="UTF-8"?>
<!-- Generated by org.testng.reporters.JUnitReportReporter -->
<testsuite hostname="SowmyaMP" failures="0" tests="2" name="com.training.sanity.tests.LoginTest" time="59.224" errors="0" timestamp="2020-07-03T18:09:34 IST" skipped="0">
  <testcase classname="com.training.sanity.tests.LoginTest" name="validLoginTest" time="31.783"/>
  <system-out/>
  <testcase classname="com.training.sanity.tests.LoginTest" name="invalidLoginTest" time="27.441"/>
  <system-out/>
</testsuite> <!-- com.training.sanity.tests.LoginTest -->
