<?xml version="1.0" encoding="UTF-8"?>
<!-- Generated by org.testng.reporters.JUnitReportReporter -->
<testsuite hostname="SowmyaMP" failures="0" tests="2" name="com.training.sanity.tests.RegisterDBTest" time="61.687" errors="0" timestamp="2020-07-11T18:16:13 IST" skipped="0">
  <testcase classname="com.training.sanity.tests.RegisterDBTest" name="registerDBTest" time="30.149"/>
  <system-out/>
  <testcase classname="com.training.sanity.tests.RegisterDBTest" name="registerDBTest" time="31.538"/>
  <system-out/>
</testsuite> <!-- com.training.sanity.tests.RegisterDBTest -->
