<?xml version="1.0" encoding="UTF-8"?>
<!-- Generated by org.testng.reporters.JUnitReportReporter -->
<testsuite hostname="SowmyaMP" failures="0" tests="1" name="com.training.sanity.tests.RecoveryPasswordTest" time="31.276" errors="0" timestamp="2020-06-27T18:29:04 IST" skipped="0">
  <testcase classname="com.training.sanity.tests.RecoveryPasswordTest" name="validLoginTest" time="31.276"/>
  <system-out/>
</testsuite> <!-- com.training.sanity.tests.RecoveryPasswordTest -->
