<?xml version="1.0" encoding="UTF-8"?>
<!-- Generated by org.testng.reporters.JUnitReportReporter -->
<testsuite hostname="SowmyaMP" failures="0" tests="1" name="com.training.sanity.tests.RecoveryPasswordTest" time="29.343" errors="0" timestamp="2020-07-01T11:26:34 IST" skipped="0">
  <testcase classname="com.training.sanity.tests.RecoveryPasswordTest" name="recoverPasswordTest" time="29.343"/>
  <system-out/>
</testsuite> <!-- com.training.sanity.tests.RecoveryPasswordTest -->
