<?xml version="1.0" encoding="UTF-8"?>
<!-- Generated by org.testng.reporters.JUnitReportReporter -->
<testsuite hostname="SowmyaMP" failures="0" tests="2" name="com.training.sanity.tests.LoginTest" time="50.721" errors="0" timestamp="2020-07-11T18:16:13 IST" skipped="0">
  <testcase classname="com.training.sanity.tests.LoginTest" name="validLoginTest" time="25.870"/>
  <system-out/>
  <testcase classname="com.training.sanity.tests.LoginTest" name="invalidLoginTest" time="24.851"/>
  <system-out/>
</testsuite> <!-- com.training.sanity.tests.LoginTest -->
