<?xml version="1.0" encoding="UTF-8"?>
<!-- Generated by org.testng.reporters.JUnitReportReporter -->
<testsuite hostname="SowmyaMP" failures="0" tests="1" name="com.training.sanity.tests.LoginAndPlaceOrderTest" time="76.605" errors="0" timestamp="2020-07-11T18:16:13 IST" skipped="0">
  <testcase classname="com.training.sanity.tests.LoginAndPlaceOrderTest" name="loginCheckout" time="76.605"/>
  <system-out/>
</testsuite> <!-- com.training.sanity.tests.LoginAndPlaceOrderTest -->
