<?xml version="1.0" encoding="UTF-8"?>
<!-- Generated by org.testng.reporters.JUnitReportReporter -->
<testsuite hostname="SowmyaMP" failures="0" tests="1" name="com.training.sanity.tests.LoginTest" time="23.769" errors="0" timestamp="2020-06-27T19:38:52 IST" skipped="0">
  <testcase classname="com.training.sanity.tests.LoginTest" name="validLoginTest" time="23.769"/>
  <system-out/>
</testsuite> <!-- com.training.sanity.tests.LoginTest -->
