<?xml version="1.0" encoding="UTF-8"?>
<!-- Generated by org.testng.reporters.JUnitReportReporter -->
<testsuite hostname="SowmyaMP" failures="0" tests="1" name="com.training.sanity.tests.AdminLoginTest" time="15.453" errors="0" timestamp="2020-07-10T14:31:53 IST" skipped="0">
  <testcase classname="com.training.sanity.tests.AdminLoginTest" name="validAdminLoginTest" time="15.453"/>
  <system-out/>
</testsuite> <!-- com.training.sanity.tests.AdminLoginTest -->
